  main.cpp
c:\users\matthew\desktop\gitstuff\mkl\cs3113\finalproject\finalproject\main.cpp(118): warning C4305: 'initializing' : truncation from 'double' to 'float'
c:\users\matthew\desktop\gitstuff\mkl\cs3113\finalproject\finalproject\main.cpp(123): warning C4244: 'initializing' : conversion from 'double' to 'float', possible loss of data
c:\users\matthew\desktop\gitstuff\mkl\cs3113\finalproject\finalproject\main.cpp(124): warning C4244: 'initializing' : conversion from 'double' to 'float', possible loss of data
c:\users\matthew\desktop\gitstuff\mkl\cs3113\finalproject\finalproject\main.cpp(258): warning C4244: 'return' : conversion from 'double' to 'float', possible loss of data
c:\users\matthew\desktop\gitstuff\mkl\cs3113\finalproject\finalproject\main.cpp(280): warning C4244: 'argument' : conversion from 'double' to 'float', possible loss of data
c:\users\matthew\desktop\gitstuff\mkl\cs3113\finalproject\finalproject\main.cpp(287): warning C4244: '+=' : conversion from 'double' to 'float', possible loss of data
c:\users\matthew\desktop\gitstuff\mkl\cs3113\finalproject\finalproject\main.cpp(292): warning C4244: 'argument' : conversion from 'double' to 'float', possible loss of data
c:\users\matthew\desktop\gitstuff\mkl\cs3113\finalproject\finalproject\main.cpp(299): warning C4244: '+=' : conversion from 'double' to 'float', possible loss of data
c:\users\matthew\desktop\gitstuff\mkl\cs3113\finalproject\finalproject\main.cpp(305): warning C4244: 'argument' : conversion from 'double' to 'float', possible loss of data
c:\users\matthew\desktop\gitstuff\mkl\cs3113\finalproject\finalproject\main.cpp(312): warning C4244: '+=' : conversion from 'double' to 'float', possible loss of data
c:\users\matthew\desktop\gitstuff\mkl\cs3113\finalproject\finalproject\main.cpp(317): warning C4244: 'argument' : conversion from 'double' to 'float', possible loss of data
c:\users\matthew\desktop\gitstuff\mkl\cs3113\finalproject\finalproject\main.cpp(324): warning C4244: '+=' : conversion from 'double' to 'float', possible loss of data
c:\users\matthew\desktop\gitstuff\mkl\cs3113\finalproject\finalproject\main.cpp(338): warning C4244: 'argument' : conversion from 'double' to 'float', possible loss of data
c:\users\matthew\desktop\gitstuff\mkl\cs3113\finalproject\finalproject\main.cpp(345): warning C4244: '+=' : conversion from 'double' to 'float', possible loss of data
c:\users\matthew\desktop\gitstuff\mkl\cs3113\finalproject\finalproject\main.cpp(349): warning C4244: 'argument' : conversion from 'double' to 'float', possible loss of data
c:\users\matthew\desktop\gitstuff\mkl\cs3113\finalproject\finalproject\main.cpp(356): warning C4244: '+=' : conversion from 'double' to 'float', possible loss of data
c:\users\matthew\desktop\gitstuff\mkl\cs3113\finalproject\finalproject\main.cpp(361): warning C4244: 'argument' : conversion from 'double' to 'float', possible loss of data
c:\users\matthew\desktop\gitstuff\mkl\cs3113\finalproject\finalproject\main.cpp(368): warning C4244: '+=' : conversion from 'double' to 'float', possible loss of data
c:\users\matthew\desktop\gitstuff\mkl\cs3113\finalproject\finalproject\main.cpp(372): warning C4244: 'argument' : conversion from 'double' to 'float', possible loss of data
c:\users\matthew\desktop\gitstuff\mkl\cs3113\finalproject\finalproject\main.cpp(379): warning C4244: '+=' : conversion from 'double' to 'float', possible loss of data
c:\users\matthew\desktop\gitstuff\mkl\cs3113\finalproject\finalproject\main.cpp(388): warning C4244: '=' : conversion from 'float' to 'int', possible loss of data
c:\users\matthew\desktop\gitstuff\mkl\cs3113\finalproject\finalproject\main.cpp(398): warning C4244: 'return' : conversion from 'double' to 'float', possible loss of data
c:\users\matthew\desktop\gitstuff\mkl\cs3113\finalproject\finalproject\main.cpp(404): warning C4018: '<' : signed/unsigned mismatch
c:\users\matthew\desktop\gitstuff\mkl\cs3113\finalproject\finalproject\main.cpp(412): warning C4244: '+=' : conversion from 'double' to 'float', possible loss of data
c:\users\matthew\desktop\gitstuff\mkl\cs3113\finalproject\finalproject\main.cpp(487): warning C4244: 'argument' : conversion from 'double' to 'float', possible loss of data
c:\users\matthew\desktop\gitstuff\mkl\cs3113\finalproject\finalproject\main.cpp(498): warning C4244: 'argument' : conversion from 'double' to 'float', possible loss of data
c:\users\matthew\desktop\gitstuff\mkl\cs3113\finalproject\finalproject\main.cpp(509): warning C4244: 'argument' : conversion from 'double' to 'float', possible loss of data
c:\users\matthew\desktop\gitstuff\mkl\cs3113\finalproject\finalproject\main.cpp(545): warning C4305: 'initializing' : truncation from 'double' to 'float'
c:\users\matthew\desktop\gitstuff\mkl\cs3113\finalproject\finalproject\main.cpp(619): warning C4305: 'initializing' : truncation from 'double' to 'float'
c:\users\matthew\desktop\gitstuff\mkl\cs3113\finalproject\finalproject\main.cpp(636): warning C4305: 'argument' : truncation from 'double' to 'float'
c:\users\matthew\desktop\gitstuff\mkl\cs3113\finalproject\finalproject\main.cpp(636): warning C4244: 'argument' : conversion from 'double' to 'float', possible loss of data
c:\users\matthew\desktop\gitstuff\mkl\cs3113\finalproject\finalproject\main.cpp(647): warning C4305: 'argument' : truncation from 'double' to 'float'
c:\users\matthew\desktop\gitstuff\mkl\cs3113\finalproject\finalproject\main.cpp(647): warning C4244: 'argument' : conversion from 'double' to 'float', possible loss of data
c:\users\matthew\desktop\gitstuff\mkl\cs3113\finalproject\finalproject\main.cpp(711): warning C4305: 'argument' : truncation from 'double' to 'float'
c:\users\matthew\desktop\gitstuff\mkl\cs3113\finalproject\finalproject\main.cpp(749): warning C4305: '=' : truncation from 'double' to 'float'
c:\users\matthew\desktop\gitstuff\mkl\cs3113\finalproject\finalproject\main.cpp(787): warning C4018: '<' : signed/unsigned mismatch
c:\users\matthew\desktop\gitstuff\mkl\cs3113\finalproject\finalproject\main.cpp(789): warning C4018: '<' : signed/unsigned mismatch
c:\users\matthew\desktop\gitstuff\mkl\cs3113\finalproject\finalproject\main.cpp(876): warning C4018: '<' : signed/unsigned mismatch
  finalProject.vcxproj -> C:\Users\Matthew\Desktop\gitStuff\mkl\CS3113\finalProject\Debug\finalProject.exe
